2025-06-25 20:51:30,105 - __main__ - ERROR - 実行エラー: FirecrawlのAPIキーが設定されていません。
2025-06-25 20:51:49,069 - firecrawl - DEBUG - Initialized FirecrawlApp with API URL: https://api.firecrawl.dev
2025-06-25 20:51:49,070 - __main__ - INFO - ウェブサイトクローラーを初期化しました
2025-06-25 20:51:49,070 - __main__ - INFO - ウェブサイト処理開始: https://httpbin.org/html
2025-06-25 20:51:49,070 - __main__ - INFO - ステップ1: ウェブページスクレーピング
2025-06-25 20:51:49,070 - src.web_scraper - INFO - ページスクレーピング開始: https://httpbin.org/html
2025-06-25 20:51:49,090 - urllib3.connectionpool - DEBUG - Starting new HTTPS connection (1): api.firecrawl.dev:443
2025-06-25 20:51:55,171 - urllib3.connectionpool - DEBUG - https://api.firecrawl.dev:443 "POST /v1/scrape HTTP/1.1" 200 7610
2025-06-25 20:51:55,176 - urllib3.connectionpool - DEBUG - Starting new HTTPS connection (1): api.firecrawl.dev:443
2025-06-25 20:52:21,281 - urllib3.connectionpool - DEBUG - https://api.firecrawl.dev:443 "POST /v1/scrape HTTP/1.1" 200 4014
2025-06-25 20:52:21,282 - src.web_scraper - INFO - ページスクレーピング完了: https://httpbin.org/html
2025-06-25 20:52:21,283 - __main__ - INFO - ステップ2: テキスト統合処理
2025-06-25 20:52:21,283 - src.text_processor - INFO - テキスト統合処理開始
2025-06-25 20:52:21,287 - src.text_processor - INFO - テキスト統合処理完了: 統合テキスト長=7212
2025-06-25 20:52:21,287 - __main__ - INFO - ステップ3: ファイル出力
2025-06-25 20:52:21,290 - src.output_manager - INFO - ファイル保存完了: httpbin.org_20250625_205221_28f3848e
2025-06-25 20:52:21,290 - __main__ - INFO - ウェブサイト処理完了: https://httpbin.org/html
2025-06-25 20:52:21,290 - __main__ - INFO - 統合テキスト: 7,212文字
2025-06-25 20:52:21,290 - __main__ - INFO - 処理画像: 0枚
2025-06-25 21:13:12,187 - __main__ - INFO - ウェブサイトクローラーを初期化しました
2025-06-25 21:13:12,188 - __main__ - INFO - ウェブサイト処理開始: https://httpbin.org/html
2025-06-25 21:13:12,188 - __main__ - INFO - ステップ1: ウェブページスクレーピング
2025-06-25 21:13:12,188 - src.web_scraper - INFO - ページスクレーピング開始: https://httpbin.org/html
2025-06-25 21:13:41,247 - src.web_scraper - INFO - ページスクレーピング完了: https://httpbin.org/html
2025-06-25 21:13:41,248 - __main__ - INFO - ステップ2: テキスト統合処理
2025-06-25 21:13:41,248 - src.text_processor - INFO - テキスト統合処理開始
2025-06-25 21:13:41,250 - src.text_processor - INFO - テキスト統合処理完了: 統合テキスト長=3617
2025-06-25 21:13:41,250 - __main__ - INFO - ステップ3: ファイル出力
2025-06-25 21:13:41,254 - src.output_manager - INFO - ファイル保存完了: httpbin.org_20250625_211341_28f3848e
2025-06-25 21:13:41,255 - __main__ - INFO - ウェブサイト処理完了: https://httpbin.org/html
2025-06-25 21:13:41,255 - __main__ - INFO - 統合テキスト: 3,617文字
2025-06-25 21:13:41,255 - __main__ - INFO - 処理画像: 0枚
2025-06-25 21:13:56,960 - __main__ - INFO - ウェブサイトクローラーを初期化しました
2025-06-25 21:13:56,960 - __main__ - INFO - ウェブサイト処理開始: https://www.u-toyama.ac.jp/
2025-06-25 21:13:56,960 - __main__ - INFO - ステップ1: ウェブページスクレーピング
2025-06-25 21:13:56,960 - src.web_scraper - INFO - ページスクレーピング開始: https://www.u-toyama.ac.jp/
2025-06-25 21:14:27,018 - src.web_scraper - INFO - ページスクレーピング完了: https://www.u-toyama.ac.jp/
2025-06-25 21:14:27,019 - __main__ - INFO - ステップ2: テキスト統合処理
2025-06-25 21:14:27,019 - src.text_processor - INFO - テキスト統合処理開始
2025-06-25 21:14:27,059 - src.text_processor - INFO - テキスト統合処理完了: 統合テキスト長=13500
2025-06-25 21:14:27,059 - __main__ - INFO - ステップ3: ファイル出力
2025-06-25 21:14:27,062 - src.output_manager - INFO - ファイル保存完了: toyama_fixed
2025-06-25 21:14:27,062 - __main__ - INFO - ウェブサイト処理完了: https://www.u-toyama.ac.jp/
2025-06-25 21:14:27,062 - __main__ - INFO - 統合テキスト: 13,500文字
2025-06-25 21:14:27,062 - __main__ - INFO - 処理画像: 0枚
2025-06-25 21:40:50,507 - __main__ - INFO - ウェブサイトクローラーを初期化しました
2025-06-25 21:40:50,508 - __main__ - INFO - ウェブサイト処理開始: https://www.u-toyama.ac.jp/
2025-06-25 21:40:50,508 - __main__ - INFO - ステップ1: ウェブページスクレーピング
2025-06-25 21:40:50,508 - src.web_scraper - INFO - ページスクレーピング開始: https://www.u-toyama.ac.jp/
2025-06-25 21:41:22,534 - src.web_scraper - INFO - ページスクレーピング完了: https://www.u-toyama.ac.jp/
2025-06-25 21:41:22,534 - __main__ - INFO - ステップ2: テキスト統合処理
2025-06-25 21:41:22,534 - src.text_processor - INFO - テキスト統合処理開始
2025-06-25 21:41:22,575 - src.text_processor - INFO - テキスト統合処理完了: 統合テキスト長=12443
2025-06-25 21:41:22,576 - __main__ - INFO - ステップ3: ファイル出力
2025-06-25 21:41:22,579 - src.output_manager - INFO - 構造化データCSV保存完了: 18件
2025-06-25 21:41:22,579 - src.output_manager - INFO - ファイル保存完了: toyama_structured
2025-06-25 21:41:22,579 - __main__ - INFO - ウェブサイト処理完了: https://www.u-toyama.ac.jp/
2025-06-25 21:41:22,579 - __main__ - INFO - 統合テキスト: 12,443文字
2025-06-25 21:41:22,580 - __main__ - INFO - 処理画像: 0枚
2025-06-25 21:50:35,108 - __main__ - ERROR - 実行エラー: FirecrawlのAPIキーが設定されていません。
2025-06-25 21:54:23,267 - firecrawl - DEBUG - Initialized FirecrawlApp with API URL: https://api.firecrawl.dev
2025-06-25 21:54:33,438 - src.web_scraper - ERROR - ページスクレーピングエラー: Unexpected error during scrape URL: Status code 400. Bad Request - [{'code': 'unrecognized_keys', 'keys': ['include_images'], 'path': [], 'message': 'Unrecognized key in body -- please review the v1 API documentation for request body changes'}]
2025-06-25 21:54:33,438 - __main__ - ERROR - ウェブサイト処理エラー: Unexpected error during scrape URL: Status code 400. Bad Request - [{'code': 'unrecognized_keys', 'keys': ['include_images'], 'path': [], 'message': 'Unrecognized key in body -- please review the v1 API documentation for request body changes'}]
2025-06-25 21:54:51,150 - firecrawl - DEBUG - Initialized FirecrawlApp with API URL: https://api.firecrawl.dev
2025-06-25 21:54:59,538 - src.web_scraper - ERROR - ページスクレーピングエラー: Unexpected error during scrape URL: Status code 400. Bad Request - [{'code': 'unrecognized_keys', 'keys': ['images'], 'path': ['extract'], 'message': 'Unrecognized key in body -- please review the v1 API documentation for request body changes'}, {'code': 'custom', 'message': "When 'extract' or 'json' format is specified, corresponding options must be provided, and vice versa", 'path': []}]
2025-06-25 21:54:59,538 - __main__ - ERROR - ウェブサイト処理エラー: Unexpected error during scrape URL: Status code 400. Bad Request - [{'code': 'unrecognized_keys', 'keys': ['images'], 'path': ['extract'], 'message': 'Unrecognized key in body -- please review the v1 API documentation for request body changes'}, {'code': 'custom', 'message': "When 'extract' or 'json' format is specified, corresponding options must be provided, and vice versa", 'path': []}]
2025-06-25 21:55:19,214 - firecrawl - DEBUG - Initialized FirecrawlApp with API URL: https://api.firecrawl.dev
